<?xml version="1.0" encoding="UTF-8"?>
<!-- Generated by org.testng.reporters.JUnitXMLReporter -->
<testsuite hostname="DESKTOP-SB473LA" name="Test one" tests="2" failures="1" timestamp="17 Apr 2022 07:32:31 GMT" time="20.503" errors="0">
  <testcase name="homepagetitle" time="12.449" classname="Testscenarios.homepage"/>
  <testcase name="homepagelogo" time="0.002" classname="Testscenarios.homepage">
    <failure type="junit.framework.AssertionFailedError">
      <![CDATA[junit.framework.AssertionFailedError
	at junit.framework.Assert.fail(Assert.java:47)
	at junit.framework.Assert.assertTrue(Assert.java:20)
	at junit.framework.Assert.assertTrue(Assert.java:27)
	at Testscenarios.homepage.homepagelogo(homepage.java:44)
... Removed 25 stack frames]]>
    </failure>
  </testcase> <!-- homepagelogo -->
</testsuite> <!-- Test one -->
