<?xml version="1.0" encoding="UTF-8"?>
<testng-results skipped="0" failed="0" total="3" passed="3">
  <reporter-output>
  </reporter-output>
  <suite name="Suite" duration-ms="46950" started-at="2022-04-17T07:29:33Z" finished-at="2022-04-17T07:30:20Z">
    <groups>
    </groups>
    <test name="Test one" duration-ms="22499" started-at="2022-04-17T07:29:33Z" finished-at="2022-04-17T07:29:55Z">
      <class name="Testscenarios.homepage">
        <test-method status="PASS" signature="setup()[pri:0, instance:Testscenarios.homepage@b2c9a9c]" name="setup" is-config="true" duration-ms="7408" started-at="2022-04-17T12:59:33Z" finished-at="2022-04-17T12:59:40Z">
          <reporter-output>
          </reporter-output>
        </test-method> <!-- setup -->
        <test-method status="PASS" signature="homepagetitle()[pri:0, instance:Testscenarios.homepage@b2c9a9c]" name="homepagetitle" duration-ms="12968" started-at="2022-04-17T12:59:40Z" finished-at="2022-04-17T12:59:53Z">
          <reporter-output>
          </reporter-output>
        </test-method> <!-- homepagetitle -->
        <test-method status="PASS" signature="homepagelogo()[pri:0, instance:Testscenarios.homepage@b2c9a9c]" name="homepagelogo" duration-ms="0" started-at="2022-04-17T12:59:53Z" finished-at="2022-04-17T12:59:53Z">
          <reporter-output>
          </reporter-output>
        </test-method> <!-- homepagelogo -->
        <test-method status="PASS" signature="teardown()[pri:0, instance:Testscenarios.homepage@b2c9a9c]" name="teardown" is-config="true" duration-ms="2097" started-at="2022-04-17T12:59:53Z" finished-at="2022-04-17T12:59:55Z">
          <reporter-output>
          </reporter-output>
        </test-method> <!-- teardown -->
      </class> <!-- Testscenarios.homepage -->
    </test> <!-- Test one -->
    <test name="Test two" duration-ms="23918" started-at="2022-04-17T07:29:56Z" finished-at="2022-04-17T07:30:20Z">
      <class name="Testscenarios.cartpage">
        <test-method status="PASS" signature="setup()[pri:0, instance:Testscenarios.cartpage@13b6aecc]" name="setup" is-config="true" duration-ms="5832" started-at="2022-04-17T12:59:56Z" finished-at="2022-04-17T13:00:02Z">
          <reporter-output>
          </reporter-output>
        </test-method> <!-- setup -->
        <test-method status="PASS" signature="cartvalidation()[pri:0, instance:Testscenarios.cartpage@13b6aecc]" name="cartvalidation" duration-ms="18085" started-at="2022-04-17T13:00:02Z" finished-at="2022-04-17T13:00:20Z">
          <reporter-output>
          </reporter-output>
        </test-method> <!-- cartvalidation -->
        <test-method status="PASS" signature="teardown()[pri:0, instance:Testscenarios.cartpage@13b6aecc]" name="teardown" is-config="true" duration-ms="0" started-at="2022-04-17T13:00:20Z" finished-at="2022-04-17T13:00:20Z">
          <reporter-output>
          </reporter-output>
        </test-method> <!-- teardown -->
      </class> <!-- Testscenarios.cartpage -->
    </test> <!-- Test two -->
  </suite> <!-- Suite -->
</testng-results>
