<?xml version="1.0" encoding="UTF-8"?>
<testng-results skipped="0" failed="1" total="3" passed="2">
  <reporter-output>
  </reporter-output>
  <suite name="Suite" duration-ms="45656" started-at="2022-04-17T07:32:11Z" finished-at="2022-04-17T07:32:57Z">
    <groups>
    </groups>
    <test name="Test one" duration-ms="20503" started-at="2022-04-17T07:32:11Z" finished-at="2022-04-17T07:32:31Z">
      <class name="Testscenarios.homepage">
        <test-method status="PASS" signature="setup()[pri:0, instance:Testscenarios.homepage@1356d4d4]" name="setup" is-config="true" duration-ms="7515" started-at="2022-04-17T13:02:11Z" finished-at="2022-04-17T13:02:18Z">
          <reporter-output>
          </reporter-output>
        </test-method> <!-- setup -->
        <test-method status="PASS" signature="homepagetitle()[pri:1, instance:Testscenarios.homepage@1356d4d4]" name="homepagetitle" duration-ms="12449" started-at="2022-04-17T13:02:18Z" finished-at="2022-04-17T13:02:31Z">
          <reporter-output>
          </reporter-output>
        </test-method> <!-- homepagetitle -->
        <test-method status="FAIL" signature="homepagelogo()[pri:2, instance:Testscenarios.homepage@1356d4d4]" name="homepagelogo" duration-ms="2" started-at="2022-04-17T13:02:31Z" finished-at="2022-04-17T13:02:31Z">
          <exception class="junit.framework.AssertionFailedError">
            <full-stacktrace>
              <![CDATA[junit.framework.AssertionFailedError
	at junit.framework.Assert.fail(Assert.java:47)
	at junit.framework.Assert.assertTrue(Assert.java:20)
	at junit.framework.Assert.assertTrue(Assert.java:27)
	at Testscenarios.homepage.homepagelogo(homepage.java:44)
	at sun.reflect.NativeMethodAccessorImpl.invoke0(Native Method)
	at sun.reflect.NativeMethodAccessorImpl.invoke(NativeMethodAccessorImpl.java:62)
	at sun.reflect.DelegatingMethodAccessorImpl.invoke(DelegatingMethodAccessorImpl.java:43)
	at java.lang.reflect.Method.invoke(Method.java:498)
	at org.testng.internal.MethodInvocationHelper.invokeMethod(MethodInvocationHelper.java:100)
	at org.testng.internal.Invoker.invokeMethod(Invoker.java:646)
	at org.testng.internal.Invoker.invokeTestMethod(Invoker.java:811)
	at org.testng.internal.Invoker.invokeTestMethods(Invoker.java:1137)
	at org.testng.internal.TestMethodWorker.invokeTestMethods(TestMethodWorker.java:129)
	at org.testng.internal.TestMethodWorker.run(TestMethodWorker.java:112)
	at org.testng.TestRunner.privateRun(TestRunner.java:753)
	at org.testng.TestRunner.run(TestRunner.java:607)
	at org.testng.SuiteRunner.runTest(SuiteRunner.java:368)
	at org.testng.SuiteRunner.runSequentially(SuiteRunner.java:363)
	at org.testng.SuiteRunner.privateRun(SuiteRunner.java:321)
	at org.testng.SuiteRunner.run(SuiteRunner.java:270)
	at org.testng.SuiteRunnerWorker.runSuite(SuiteRunnerWorker.java:52)
	at org.testng.SuiteRunnerWorker.run(SuiteRunnerWorker.java:86)
	at org.testng.TestNG.runSuitesSequentially(TestNG.java:1284)
	at org.testng.TestNG.runSuitesLocally(TestNG.java:1209)
	at org.testng.TestNG.runSuites(TestNG.java:1124)
	at org.testng.TestNG.run(TestNG.java:1096)
	at org.testng.remote.AbstractRemoteTestNG.run(AbstractRemoteTestNG.java:132)
	at org.testng.remote.RemoteTestNG.initAndRun(RemoteTestNG.java:236)
	at org.testng.remote.RemoteTestNG.main(RemoteTestNG.java:81)
]]>
            </full-stacktrace>
          </exception> <!-- junit.framework.AssertionFailedError -->
          <reporter-output>
          </reporter-output>
        </test-method> <!-- homepagelogo -->
        <test-method status="PASS" signature="teardown()[pri:0, instance:Testscenarios.homepage@1356d4d4]" name="teardown" is-config="true" duration-ms="138" started-at="2022-04-17T13:02:31Z" finished-at="2022-04-17T13:02:31Z">
          <reporter-output>
          </reporter-output>
        </test-method> <!-- teardown -->
      </class> <!-- Testscenarios.homepage -->
    </test> <!-- Test one -->
    <test name="Test two" duration-ms="24523" started-at="2022-04-17T07:32:32Z" finished-at="2022-04-17T07:32:57Z">
      <class name="Testscenarios.cartpage">
        <test-method status="PASS" signature="setup()[pri:0, instance:Testscenarios.cartpage@1bb266b3]" name="setup" is-config="true" duration-ms="6862" started-at="2022-04-17T13:02:32Z" finished-at="2022-04-17T13:02:39Z">
          <reporter-output>
          </reporter-output>
        </test-method> <!-- setup -->
        <test-method status="PASS" signature="cartvalidation()[pri:0, instance:Testscenarios.cartpage@1bb266b3]" name="cartvalidation" duration-ms="17652" started-at="2022-04-17T13:02:39Z" finished-at="2022-04-17T13:02:57Z">
          <reporter-output>
          </reporter-output>
        </test-method> <!-- cartvalidation -->
        <test-method status="PASS" signature="teardown()[pri:0, instance:Testscenarios.cartpage@1bb266b3]" name="teardown" is-config="true" duration-ms="0" started-at="2022-04-17T13:02:57Z" finished-at="2022-04-17T13:02:57Z">
          <reporter-output>
          </reporter-output>
        </test-method> <!-- teardown -->
      </class> <!-- Testscenarios.cartpage -->
    </test> <!-- Test two -->
  </suite> <!-- Suite -->
</testng-results>
